<?xml version="1.0" encoding="UTF-8"?>
<!-- Generated by org.testng.reporters.JUnitXMLReporter -->
<testsuite ignored="0" hostname="DESKTOP-ESENG68" failures="0" tests="3" name="Default test" time="15.793" errors="0" timestamp="12 Jan 2019 12:51:59 GMT">
  <testcase classname="tests.FlightFinderTest" name="verifylogin" time="5.342"/>
  <testcase classname="tests.FlightFinderTest" name="verifyNumberOfFromPortValues" time="0.061"/>
  <testcase classname="tests.FlightFinderTest" name="verifyFromPort" time="1.076"/>
</testsuite> <!-- Default test -->
