<?xml version="1.0" encoding="UTF-8"?>
<testng-results ignored="0" total="3" passed="3" failed="0" skipped="0">
  <reporter-output>
  </reporter-output>
  <suite started-at="2019-01-12T12:51:43Z" name="Default suite" finished-at="2019-01-12T12:51:59Z" duration-ms="15793">
    <groups>
    </groups>
    <test started-at="2019-01-12T12:51:43Z" name="Default test" finished-at="2019-01-12T12:51:59Z" duration-ms="15793">
      <class name="tests.FlightFinderTest">
        <test-method is-config="true" signature="AbstractTest()[pri:0, instance:tests.FlightFinderTest@4229bb3f]" started-at="2019-01-12T12:51:43Z" name="AbstractTest" finished-at="2019-01-12T12:51:52Z" duration-ms="8982" status="PASS">
          <reporter-output>
          </reporter-output>
        </test-method> <!-- AbstractTest -->
        <test-method signature="verifylogin()[pri:0, instance:tests.FlightFinderTest@4229bb3f]" started-at="2019-01-12T12:51:52Z" name="verifylogin" finished-at="2019-01-12T12:51:58Z" duration-ms="5342" status="PASS">
          <reporter-output>
          </reporter-output>
        </test-method> <!-- verifylogin -->
        <test-method signature="verifyNumberOfFromPortValues()[pri:1, instance:tests.FlightFinderTest@4229bb3f]" started-at="2019-01-12T12:51:58Z" name="verifyNumberOfFromPortValues" finished-at="2019-01-12T12:51:58Z" duration-ms="61" status="PASS">
          <reporter-output>
          </reporter-output>
        </test-method> <!-- verifyNumberOfFromPortValues -->
        <test-method signature="verifyFromPort()[pri:2, instance:tests.FlightFinderTest@4229bb3f]" started-at="2019-01-12T12:51:58Z" name="verifyFromPort" finished-at="2019-01-12T12:51:59Z" duration-ms="1076" status="PASS">
          <reporter-output>
          </reporter-output>
        </test-method> <!-- verifyFromPort -->
        <test-method is-config="true" signature="closeEnv()[pri:0, instance:tests.FlightFinderTest@4229bb3f]" started-at="2019-01-12T12:51:59Z" name="closeEnv" finished-at="2019-01-12T12:51:59Z" duration-ms="275" status="PASS">
          <reporter-output>
          </reporter-output>
        </test-method> <!-- closeEnv -->
      </class> <!-- tests.FlightFinderTest -->
    </test> <!-- Default test -->
  </suite> <!-- Default suite -->
</testng-results>
